2019/04/03 02:05:52 [error] [php] include(RequestLogin.php): failed to open stream: No such file or directory (/Applications/XAMPP/xamppfiles/htdocs/wenhsun_hr/framework/YiiBase.php:427)
Stack trace:
#0 /Applications/XAMPP/xamppfiles/htdocs/wenhsun_hr/protected/controllers/NewsController.php(16): spl_autoload_call()
#1 /Applications/XAMPP/xamppfiles/htdocs/wenhsun_hr/framework/web/CController.php(306): NewsController->beforeAction()
#2 /Applications/XAMPP/xamppfiles/htdocs/wenhsun_hr/framework/web/CController.php(286): NewsController->runAction()
#3 /Applications/XAMPP/xamppfiles/htdocs/wenhsun_hr/framework/web/CController.php(265): NewsController->runActionWithFilters()
#4 /Applications/XAMPP/xamppfiles/htdocs/wenhsun_hr/framework/web/CWebApplication.php(282): NewsController->run()
#5 /Applications/XAMPP/xamppfiles/htdocs/wenhsun_hr/framework/web/CWebApplication.php(141): CWebApplication->runController()
#6 /Applications/XAMPP/xamppfiles/htdocs/wenhsun_hr/framework/base/CApplication.php(180): CWebApplication->processRequest()
#7 /Applications/XAMPP/xamppfiles/htdocs/wenhsun_hr/index.php(35): CWebApplication->run()
REQUEST_URI=/wenhsun_hr/news/list
in /Applications/XAMPP/xamppfiles/htdocs/wenhsun_hr/protected/controllers/NewsController.php (16)
in /Applications/XAMPP/xamppfiles/htdocs/wenhsun_hr/index.php (35)
2019/04/03 02:06:09 [info] [application] login::auth login form
in /Applications/XAMPP/xamppfiles/htdocs/wenhsun_hr/protected/controllers/AdminController.php (201)
in /Applications/XAMPP/xamppfiles/htdocs/wenhsun_hr/index.php (35)
2019/04/03 02:06:09 [info] [application] account login::0 start login
in /Applications/XAMPP/xamppfiles/htdocs/wenhsun_hr/protected/controllers/AdminController.php (217)
in /Applications/XAMPP/xamppfiles/htdocs/wenhsun_hr/index.php (35)
2019/04/03 02:06:10 [error] [php] include(RequestLogin.php): failed to open stream: No such file or directory (/Applications/XAMPP/xamppfiles/htdocs/wenhsun_hr/framework/YiiBase.php:427)
Stack trace:
#0 /Applications/XAMPP/xamppfiles/htdocs/wenhsun_hr/protected/controllers/NewsController.php(16): spl_autoload_call()
#1 /Applications/XAMPP/xamppfiles/htdocs/wenhsun_hr/framework/web/CController.php(306): NewsController->beforeAction()
#2 /Applications/XAMPP/xamppfiles/htdocs/wenhsun_hr/framework/web/CController.php(286): NewsController->runAction()
#3 /Applications/XAMPP/xamppfiles/htdocs/wenhsun_hr/framework/web/CController.php(265): NewsController->runActionWithFilters()
#4 /Applications/XAMPP/xamppfiles/htdocs/wenhsun_hr/framework/web/CWebApplication.php(282): NewsController->run()
#5 /Applications/XAMPP/xamppfiles/htdocs/wenhsun_hr/framework/web/CWebApplication.php(141): CWebApplication->runController()
#6 /Applications/XAMPP/xamppfiles/htdocs/wenhsun_hr/framework/base/CApplication.php(180): CWebApplication->processRequest()
#7 /Applications/XAMPP/xamppfiles/htdocs/wenhsun_hr/index.php(35): CWebApplication->run()
REQUEST_URI=/wenhsun_hr/news/list
in /Applications/XAMPP/xamppfiles/htdocs/wenhsun_hr/protected/controllers/NewsController.php (16)
in /Applications/XAMPP/xamppfiles/htdocs/wenhsun_hr/index.php (35)
2019/04/03 02:17:28 [info] [application] 1logout
in /Applications/XAMPP/xamppfiles/htdocs/wenhsun_hr/protected/controllers/AdminController.php (290)
in /Applications/XAMPP/xamppfiles/htdocs/wenhsun_hr/index.php (35)
2019/04/03 02:17:34 [info] [application] login::auth login form
in /Applications/XAMPP/xamppfiles/htdocs/wenhsun_hr/protected/controllers/AdminController.php (201)
in /Applications/XAMPP/xamppfiles/htdocs/wenhsun_hr/index.php (35)
2019/04/03 02:17:34 [info] [application] account login::0 start login
in /Applications/XAMPP/xamppfiles/htdocs/wenhsun_hr/protected/controllers/AdminController.php (217)
in /Applications/XAMPP/xamppfiles/htdocs/wenhsun_hr/index.php (35)
2019/04/03 02:17:53 [info] [application] 1logout
in /Applications/XAMPP/xamppfiles/htdocs/wenhsun_hr/protected/controllers/AdminController.php (290)
in /Applications/XAMPP/xamppfiles/htdocs/wenhsun_hr/index.php (35)
2019/04/03 02:21:01 [info] [application] login::auth login form
in /Applications/XAMPP/xamppfiles/htdocs/wenhsun_hr/protected/controllers/AdminController.php (201)
in /Applications/XAMPP/xamppfiles/htdocs/wenhsun_hr/index.php (35)
2019/04/03 02:21:01 [info] [application] user login::1 start login
in /Applications/XAMPP/xamppfiles/htdocs/wenhsun_hr/protected/controllers/AdminController.php (239)
in /Applications/XAMPP/xamppfiles/htdocs/wenhsun_hr/index.php (35)
2019/04/03 02:21:01 [info] [application] user login::user account is null
in /Applications/XAMPP/xamppfiles/htdocs/wenhsun_hr/protected/controllers/AdminController.php (243)
in /Applications/XAMPP/xamppfiles/htdocs/wenhsun_hr/index.php (35)
2019/04/03 02:21:09 [info] [application] login::auth login form
in /Applications/XAMPP/xamppfiles/htdocs/wenhsun_hr/protected/controllers/AdminController.php (201)
in /Applications/XAMPP/xamppfiles/htdocs/wenhsun_hr/index.php (35)
2019/04/03 02:21:09 [info] [application] account login::0 start login
in /Applications/XAMPP/xamppfiles/htdocs/wenhsun_hr/protected/controllers/AdminController.php (217)
in /Applications/XAMPP/xamppfiles/htdocs/wenhsun_hr/index.php (35)
2019/04/03 02:25:09 [info] [application] 1logout
in /Applications/XAMPP/xamppfiles/htdocs/wenhsun_hr/protected/controllers/AdminController.php (290)
in /Applications/XAMPP/xamppfiles/htdocs/wenhsun_hr/index.php (35)
2019/04/03 02:25:18 [info] [application] login::auth login form
in /Applications/XAMPP/xamppfiles/htdocs/wenhsun_hr/protected/controllers/AdminController.php (201)
in /Applications/XAMPP/xamppfiles/htdocs/wenhsun_hr/index.php (35)
2019/04/03 02:25:18 [info] [application] account login::0 start login
in /Applications/XAMPP/xamppfiles/htdocs/wenhsun_hr/protected/controllers/AdminController.php (217)
in /Applications/XAMPP/xamppfiles/htdocs/wenhsun_hr/index.php (35)
2019/04/03 02:25:44 [info] [application] 1logout
in /Applications/XAMPP/xamppfiles/htdocs/wenhsun_hr/protected/controllers/AdminController.php (290)
in /Applications/XAMPP/xamppfiles/htdocs/wenhsun_hr/index.php (35)
2019/04/03 02:33:04 [info] [application] login::auth login form
in /Applications/XAMPP/xamppfiles/htdocs/wenhsun_hr/protected/controllers/AdminController.php (201)
in /Applications/XAMPP/xamppfiles/htdocs/wenhsun_hr/index.php (35)
2019/04/03 02:33:04 [info] [application] account login::0 start login
in /Applications/XAMPP/xamppfiles/htdocs/wenhsun_hr/protected/controllers/AdminController.php (217)
in /Applications/XAMPP/xamppfiles/htdocs/wenhsun_hr/index.php (35)
2019/04/03 02:36:49 [info] [application] 1logout
in /Applications/XAMPP/xamppfiles/htdocs/wenhsun_hr/protected/controllers/AdminController.php (290)
in /Applications/XAMPP/xamppfiles/htdocs/wenhsun_hr/index.php (35)
2019/04/03 02:36:55 [info] [application] login::auth login form
in /Applications/XAMPP/xamppfiles/htdocs/wenhsun_hr/protected/controllers/AdminController.php (201)
in /Applications/XAMPP/xamppfiles/htdocs/wenhsun_hr/index.php (35)
2019/04/03 02:36:55 [info] [application] account login::0 start login
in /Applications/XAMPP/xamppfiles/htdocs/wenhsun_hr/protected/controllers/AdminController.php (217)
in /Applications/XAMPP/xamppfiles/htdocs/wenhsun_hr/index.php (35)
2019/04/03 02:37:23 [error] [exception.CHttpException.404] exception 'CHttpException' with message 'Unable to resolve the request "envc/report".' in /Applications/XAMPP/xamppfiles/htdocs/wenhsun_hr/framework/web/CWebApplication.php:286
Stack trace:
#0 /Applications/XAMPP/xamppfiles/htdocs/wenhsun_hr/framework/web/CWebApplication.php(141): CWebApplication->runController('envc/report')
#1 /Applications/XAMPP/xamppfiles/htdocs/wenhsun_hr/framework/base/CApplication.php(180): CWebApplication->processRequest()
#2 /Applications/XAMPP/xamppfiles/htdocs/wenhsun_hr/index.php(35): CApplication->run()
#3 {main}
REQUEST_URI=/wenhsun_hr/envc/report
HTTP_REFERER=http://einvoice.isgoodtime.com:8080/wenhsun_hr/member/list
---
2019/04/03 02:37:29 [error] [exception.CHttpException.404] exception 'CHttpException' with message 'Unable to resolve the request "envc/report".' in /Applications/XAMPP/xamppfiles/htdocs/wenhsun_hr/framework/web/CWebApplication.php:286
Stack trace:
#0 /Applications/XAMPP/xamppfiles/htdocs/wenhsun_hr/framework/web/CWebApplication.php(141): CWebApplication->runController('envc/report')
#1 /Applications/XAMPP/xamppfiles/htdocs/wenhsun_hr/framework/base/CApplication.php(180): CWebApplication->processRequest()
#2 /Applications/XAMPP/xamppfiles/htdocs/wenhsun_hr/index.php(35): CApplication->run()
#3 {main}
REQUEST_URI=/wenhsun_hr/envc/report
HTTP_REFERER=http://einvoice.isgoodtime.com:8080/wenhsun_hr/member/list
---
2019/04/03 02:37:36 [error] [exception.CHttpException.404] exception 'CHttpException' with message 'Unable to resolve the request "envc/report".' in /Applications/XAMPP/xamppfiles/htdocs/wenhsun_hr/framework/web/CWebApplication.php:286
Stack trace:
#0 /Applications/XAMPP/xamppfiles/htdocs/wenhsun_hr/framework/web/CWebApplication.php(141): CWebApplication->runController('envc/report')
#1 /Applications/XAMPP/xamppfiles/htdocs/wenhsun_hr/framework/base/CApplication.php(180): CWebApplication->processRequest()
#2 /Applications/XAMPP/xamppfiles/htdocs/wenhsun_hr/index.php(35): CApplication->run()
#3 {main}
REQUEST_URI=/wenhsun_hr/envc/report
HTTP_REFERER=http://einvoice.isgoodtime.com:8080/wenhsun_hr/member/list
---
2019/04/03 02:41:07 [error] [exception.CHttpException.404] exception 'CHttpException' with message 'Unable to resolve the request "envc/report".' in /Applications/XAMPP/xamppfiles/htdocs/wenhsun_hr/framework/web/CWebApplication.php:286
Stack trace:
#0 /Applications/XAMPP/xamppfiles/htdocs/wenhsun_hr/framework/web/CWebApplication.php(141): CWebApplication->runController('envc/report')
#1 /Applications/XAMPP/xamppfiles/htdocs/wenhsun_hr/framework/base/CApplication.php(180): CWebApplication->processRequest()
#2 /Applications/XAMPP/xamppfiles/htdocs/wenhsun_hr/index.php(35): CApplication->run()
#3 {main}
REQUEST_URI=/wenhsun_hr/envc/report
HTTP_REFERER=http://einvoice.isgoodtime.com:8080/wenhsun_hr/record/abnormal_list
---
2019/04/03 02:41:11 [error] [system.db.CDbCommand] CDbCommand::fetchAll() failed: SQLSTATE[42S02]: Base table or view not found: 1146 Table 'wenhsun.professor' doesn't exist. The SQL statement executed was: SHOW FULL COLUMNS FROM `professor`.
in /Applications/XAMPP/xamppfiles/htdocs/wenhsun_hr/protected/service/ProfessorService.php (74)
in /Applications/XAMPP/xamppfiles/htdocs/wenhsun_hr/protected/controllers/DoorrecController.php (135)
in /Applications/XAMPP/xamppfiles/htdocs/wenhsun_hr/index.php (35)
2019/04/03 02:41:11 [error] [exception.CDbException] exception 'CDbException' with message 'The table "professor" for active record class "Professor" cannot be found in the database.' in /Applications/XAMPP/xamppfiles/htdocs/wenhsun_hr/framework/db/ar/CActiveRecord.php:2362
Stack trace:
#0 /Applications/XAMPP/xamppfiles/htdocs/wenhsun_hr/framework/db/ar/CActiveRecord.php(411): CActiveRecordMetaData->__construct(Object(Professor))
#1 /Applications/XAMPP/xamppfiles/htdocs/wenhsun_hr/framework/db/ar/CActiveRecord.php(658): CActiveRecord->getMetaData()
#2 /Applications/XAMPP/xamppfiles/htdocs/wenhsun_hr/framework/db/ar/CActiveRecord.php(1350): CActiveRecord->getTableSchema()
#3 /Applications/XAMPP/xamppfiles/htdocs/wenhsun_hr/framework/db/ar/CActiveRecord.php(1470): CActiveRecord->query(Object(CDbCriteria), true)
#4 /Applications/XAMPP/xamppfiles/htdocs/wenhsun_hr/protected/service/ProfessorService.php(74): CActiveRecord->findAll()
#5 /Applications/XAMPP/xamppfiles/htdocs/wenhsun_hr/protected/controllers/DoorrecController.php(135): ProfessorService->allprofessor()
#6 /Applications/XAMPP/xamppfiles/htdocs/wenhsun_hr/framework/web/actions/CInlineAction.php(49): DoorrecController->actionreport()
#7 /Applications/XAMPP/xamppfiles/htdocs/wenhsun_hr/framework/web/CController.php(308): CInlineAction->runWithParams(Array)
#8 /Applications/XAMPP/xamppfiles/htdocs/wenhsun_hr/framework/web/CController.php(286): CController->runAction(Object(CInlineAction))
#9 /Applications/XAMPP/xamppfiles/htdocs/wenhsun_hr/framework/web/CController.php(265): CController->runActionWithFilters(Object(CInlineAction), Array)
#10 /Applications/XAMPP/xamppfiles/htdocs/wenhsun_hr/framework/web/CWebApplication.php(282): CController->run('report')
#11 /Applications/XAMPP/xamppfiles/htdocs/wenhsun_hr/framework/web/CWebApplication.php(141): CWebApplication->runController('doorrec/report')
#12 /Applications/XAMPP/xamppfiles/htdocs/wenhsun_hr/framework/base/CApplication.php(180): CWebApplication->processRequest()
#13 /Applications/XAMPP/xamppfiles/htdocs/wenhsun_hr/index.php(35): CApplication->run()
#14 {main}
REQUEST_URI=/wenhsun_hr/doorrec/report
HTTP_REFERER=http://einvoice.isgoodtime.com:8080/wenhsun_hr/record/abnormal_list
---
2019/04/03 02:41:18 [error] [exception.CHttpException.404] exception 'CHttpException' with message 'Unable to resolve the request "envc/report".' in /Applications/XAMPP/xamppfiles/htdocs/wenhsun_hr/framework/web/CWebApplication.php:286
Stack trace:
#0 /Applications/XAMPP/xamppfiles/htdocs/wenhsun_hr/framework/web/CWebApplication.php(141): CWebApplication->runController('envc/report')
#1 /Applications/XAMPP/xamppfiles/htdocs/wenhsun_hr/framework/base/CApplication.php(180): CWebApplication->processRequest()
#2 /Applications/XAMPP/xamppfiles/htdocs/wenhsun_hr/index.php(35): CApplication->run()
#3 {main}
REQUEST_URI=/wenhsun_hr/envc/report
HTTP_REFERER=http://einvoice.isgoodtime.com:8080/wenhsun_hr/record/abnormal_list
---
2019/04/03 02:41:23 [error] [exception.CException] exception 'CException' with message 'DoorcountController cannot find the requested view "usereport".' in /Applications/XAMPP/xamppfiles/htdocs/wenhsun_hr/framework/web/CController.php:878
Stack trace:
#0 /Applications/XAMPP/xamppfiles/htdocs/wenhsun_hr/framework/web/CController.php(782): CController->renderPartial('usereport', Array, true)
#1 /Applications/XAMPP/xamppfiles/htdocs/wenhsun_hr/protected/controllers/DoorcountController.php(154): CController->render('usereport', Array)
#2 /Applications/XAMPP/xamppfiles/htdocs/wenhsun_hr/framework/web/actions/CInlineAction.php(49): DoorcountController->actionreport()
#3 /Applications/XAMPP/xamppfiles/htdocs/wenhsun_hr/framework/web/CController.php(308): CInlineAction->runWithParams(Array)
#4 /Applications/XAMPP/xamppfiles/htdocs/wenhsun_hr/framework/web/CController.php(286): CController->runAction(Object(CInlineAction))
#5 /Applications/XAMPP/xamppfiles/htdocs/wenhsun_hr/framework/web/CController.php(265): CController->runActionWithFilters(Object(CInlineAction), Array)
#6 /Applications/XAMPP/xamppfiles/htdocs/wenhsun_hr/framework/web/CWebApplication.php(282): CController->run('report')
#7 /Applications/XAMPP/xamppfiles/htdocs/wenhsun_hr/framework/web/CWebApplication.php(141): CWebApplication->runController('doorcount/repor...')
#8 /Applications/XAMPP/xamppfiles/htdocs/wenhsun_hr/framework/base/CApplication.php(180): CWebApplication->processRequest()
#9 /Applications/XAMPP/xamppfiles/htdocs/wenhsun_hr/index.php(35): CApplication->run()
#10 {main}
REQUEST_URI=/wenhsun_hr/doorcount/report
HTTP_REFERER=http://einvoice.isgoodtime.com:8080/wenhsun_hr/record/abnormal_list
---
2019/04/03 02:41:30 [error] [exception.CException] exception 'CException' with message 'DoorgrouppermissionController cannot find the requested view "index".' in /Applications/XAMPP/xamppfiles/htdocs/wenhsun_hr/framework/web/CController.php:878
Stack trace:
#0 /Applications/XAMPP/xamppfiles/htdocs/wenhsun_hr/framework/web/CController.php(782): CController->renderPartial('index', Array, true)
#1 /Applications/XAMPP/xamppfiles/htdocs/wenhsun_hr/protected/controllers/DoorgrouppermissionController.php(24): CController->render('index', Array)
#2 /Applications/XAMPP/xamppfiles/htdocs/wenhsun_hr/framework/web/actions/CInlineAction.php(49): DoorgrouppermissionController->actionIndex()
#3 /Applications/XAMPP/xamppfiles/htdocs/wenhsun_hr/framework/web/CController.php(308): CInlineAction->runWithParams(Array)
#4 /Applications/XAMPP/xamppfiles/htdocs/wenhsun_hr/framework/web/CController.php(286): CController->runAction(Object(CInlineAction))
#5 /Applications/XAMPP/xamppfiles/htdocs/wenhsun_hr/framework/web/CController.php(265): CController->runActionWithFilters(Object(CInlineAction), Array)
#6 /Applications/XAMPP/xamppfiles/htdocs/wenhsun_hr/framework/web/CWebApplication.php(282): CController->run('index')
#7 /Applications/XAMPP/xamppfiles/htdocs/wenhsun_hr/framework/web/CWebApplication.php(141): CWebApplication->runController('doorgrouppermis...')
#8 /Applications/XAMPP/xamppfiles/htdocs/wenhsun_hr/framework/base/CApplication.php(180): CWebApplication->processRequest()
#9 /Applications/XAMPP/xamppfiles/htdocs/wenhsun_hr/index.php(35): CApplication->run()
#10 {main}
REQUEST_URI=/wenhsun_hr/doorgrouppermission/index
HTTP_REFERER=http://einvoice.isgoodtime.com:8080/wenhsun_hr/record/abnormal_list
---
2019/04/03 02:41:38 [error] [exception.CException] exception 'CException' with message 'DoorgrouppermissionController cannot find the requested view "index".' in /Applications/XAMPP/xamppfiles/htdocs/wenhsun_hr/framework/web/CController.php:878
Stack trace:
#0 /Applications/XAMPP/xamppfiles/htdocs/wenhsun_hr/framework/web/CController.php(782): CController->renderPartial('index', Array, true)
#1 /Applications/XAMPP/xamppfiles/htdocs/wenhsun_hr/protected/controllers/DoorgrouppermissionController.php(24): CController->render('index', Array)
#2 /Applications/XAMPP/xamppfiles/htdocs/wenhsun_hr/framework/web/actions/CInlineAction.php(49): DoorgrouppermissionController->actionIndex()
#3 /Applications/XAMPP/xamppfiles/htdocs/wenhsun_hr/framework/web/CController.php(308): CInlineAction->runWithParams(Array)
#4 /Applications/XAMPP/xamppfiles/htdocs/wenhsun_hr/framework/web/CController.php(286): CController->runAction(Object(CInlineAction))
#5 /Applications/XAMPP/xamppfiles/htdocs/wenhsun_hr/framework/web/CController.php(265): CController->runActionWithFilters(Object(CInlineAction), Array)
#6 /Applications/XAMPP/xamppfiles/htdocs/wenhsun_hr/framework/web/CWebApplication.php(282): CController->run('index')
#7 /Applications/XAMPP/xamppfiles/htdocs/wenhsun_hr/framework/web/CWebApplication.php(141): CWebApplication->runController('doorgrouppermis...')
#8 /Applications/XAMPP/xamppfiles/htdocs/wenhsun_hr/framework/base/CApplication.php(180): CWebApplication->processRequest()
#9 /Applications/XAMPP/xamppfiles/htdocs/wenhsun_hr/index.php(35): CApplication->run()
#10 {main}
REQUEST_URI=/wenhsun_hr/doorgrouppermission/index
HTTP_REFERER=http://einvoice.isgoodtime.com:8080/wenhsun_hr/record/abnormal_list
---
2019/04/03 02:41:59 [info] [application] 1logout
in /Applications/XAMPP/xamppfiles/htdocs/wenhsun_hr/protected/controllers/AdminController.php (290)
in /Applications/XAMPP/xamppfiles/htdocs/wenhsun_hr/index.php (35)
2019/04/03 02:42:04 [info] [application] login::auth login form
in /Applications/XAMPP/xamppfiles/htdocs/wenhsun_hr/protected/controllers/AdminController.php (201)
in /Applications/XAMPP/xamppfiles/htdocs/wenhsun_hr/index.php (35)
2019/04/03 02:42:04 [info] [application] account login::0 start login
in /Applications/XAMPP/xamppfiles/htdocs/wenhsun_hr/protected/controllers/AdminController.php (217)
in /Applications/XAMPP/xamppfiles/htdocs/wenhsun_hr/index.php (35)
2019/04/03 02:42:09 [error] [exception.CException] exception 'CException' with message 'DoorcountController cannot find the requested view "usereport".' in /Applications/XAMPP/xamppfiles/htdocs/wenhsun_hr/framework/web/CController.php:878
Stack trace:
#0 /Applications/XAMPP/xamppfiles/htdocs/wenhsun_hr/framework/web/CController.php(782): CController->renderPartial('usereport', Array, true)
#1 /Applications/XAMPP/xamppfiles/htdocs/wenhsun_hr/protected/controllers/DoorcountController.php(154): CController->render('usereport', Array)
#2 /Applications/XAMPP/xamppfiles/htdocs/wenhsun_hr/framework/web/actions/CInlineAction.php(49): DoorcountController->actionreport()
#3 /Applications/XAMPP/xamppfiles/htdocs/wenhsun_hr/framework/web/CController.php(308): CInlineAction->runWithParams(Array)
#4 /Applications/XAMPP/xamppfiles/htdocs/wenhsun_hr/framework/web/CController.php(286): CController->runAction(Object(CInlineAction))
#5 /Applications/XAMPP/xamppfiles/htdocs/wenhsun_hr/framework/web/CController.php(265): CController->runActionWithFilters(Object(CInlineAction), Array)
#6 /Applications/XAMPP/xamppfiles/htdocs/wenhsun_hr/framework/web/CWebApplication.php(282): CController->run('report')
#7 /Applications/XAMPP/xamppfiles/htdocs/wenhsun_hr/framework/web/CWebApplication.php(141): CWebApplication->runController('doorcount/repor...')
#8 /Applications/XAMPP/xamppfiles/htdocs/wenhsun_hr/framework/base/CApplication.php(180): CWebApplication->processRequest()
#9 /Applications/XAMPP/xamppfiles/htdocs/wenhsun_hr/index.php(35): CApplication->run()
#10 {main}
REQUEST_URI=/wenhsun_hr/doorcount/report
HTTP_REFERER=http://einvoice.isgoodtime.com:8080/wenhsun_hr/news/list
---
2019/04/03 02:43:35 [error] [exception.CHttpException.404] exception 'CHttpException' with message 'Unable to resolve the request "envc/report".' in /Applications/XAMPP/xamppfiles/htdocs/wenhsun_hr/framework/web/CWebApplication.php:286
Stack trace:
#0 /Applications/XAMPP/xamppfiles/htdocs/wenhsun_hr/framework/web/CWebApplication.php(141): CWebApplication->runController('envc/report')
#1 /Applications/XAMPP/xamppfiles/htdocs/wenhsun_hr/framework/base/CApplication.php(180): CWebApplication->processRequest()
#2 /Applications/XAMPP/xamppfiles/htdocs/wenhsun_hr/index.php(35): CApplication->run()
#3 {main}
REQUEST_URI=/wenhsun_hr/envc/report
HTTP_REFERER=http://einvoice.isgoodtime.com:8080/wenhsun_hr/record/abnormal_list
---
2019/04/03 02:43:39 [error] [exception.CHttpException.404] exception 'CHttpException' with message 'Unable to resolve the request "envc/report".' in /Applications/XAMPP/xamppfiles/htdocs/wenhsun_hr/framework/web/CWebApplication.php:286
Stack trace:
#0 /Applications/XAMPP/xamppfiles/htdocs/wenhsun_hr/framework/web/CWebApplication.php(141): CWebApplication->runController('envc/report')
#1 /Applications/XAMPP/xamppfiles/htdocs/wenhsun_hr/framework/base/CApplication.php(180): CWebApplication->processRequest()
#2 /Applications/XAMPP/xamppfiles/htdocs/wenhsun_hr/index.php(35): CApplication->run()
#3 {main}
REQUEST_URI=/wenhsun_hr/envc/report
HTTP_REFERER=http://einvoice.isgoodtime.com:8080/wenhsun_hr/record/abnormal_list
---
2019/04/03 02:43:51 [info] [application] 1logout
in /Applications/XAMPP/xamppfiles/htdocs/wenhsun_hr/protected/controllers/AdminController.php (290)
in /Applications/XAMPP/xamppfiles/htdocs/wenhsun_hr/index.php (35)
2019/04/03 02:44:02 [info] [application] login::auth login form
in /Applications/XAMPP/xamppfiles/htdocs/wenhsun_hr/protected/controllers/AdminController.php (201)
in /Applications/XAMPP/xamppfiles/htdocs/wenhsun_hr/index.php (35)
2019/04/03 02:44:02 [info] [application] account login::0 start login
in /Applications/XAMPP/xamppfiles/htdocs/wenhsun_hr/protected/controllers/AdminController.php (217)
in /Applications/XAMPP/xamppfiles/htdocs/wenhsun_hr/index.php (35)
2019/04/03 02:44:17 [error] [system.db.CDbCommand] CDbCommand::fetchAll() failed: SQLSTATE[42S02]: Base table or view not found: 1146 Table 'wenhsun.professor' doesn't exist. The SQL statement executed was: SHOW FULL COLUMNS FROM `professor`.
in /Applications/XAMPP/xamppfiles/htdocs/wenhsun_hr/protected/service/ProfessorService.php (74)
in /Applications/XAMPP/xamppfiles/htdocs/wenhsun_hr/protected/controllers/DoorrecController.php (135)
in /Applications/XAMPP/xamppfiles/htdocs/wenhsun_hr/index.php (35)
2019/04/03 02:44:17 [error] [exception.CDbException] exception 'CDbException' with message 'The table "professor" for active record class "Professor" cannot be found in the database.' in /Applications/XAMPP/xamppfiles/htdocs/wenhsun_hr/framework/db/ar/CActiveRecord.php:2362
Stack trace:
#0 /Applications/XAMPP/xamppfiles/htdocs/wenhsun_hr/framework/db/ar/CActiveRecord.php(411): CActiveRecordMetaData->__construct(Object(Professor))
#1 /Applications/XAMPP/xamppfiles/htdocs/wenhsun_hr/framework/db/ar/CActiveRecord.php(658): CActiveRecord->getMetaData()
#2 /Applications/XAMPP/xamppfiles/htdocs/wenhsun_hr/framework/db/ar/CActiveRecord.php(1350): CActiveRecord->getTableSchema()
#3 /Applications/XAMPP/xamppfiles/htdocs/wenhsun_hr/framework/db/ar/CActiveRecord.php(1470): CActiveRecord->query(Object(CDbCriteria), true)
#4 /Applications/XAMPP/xamppfiles/htdocs/wenhsun_hr/protected/service/ProfessorService.php(74): CActiveRecord->findAll()
#5 /Applications/XAMPP/xamppfiles/htdocs/wenhsun_hr/protected/controllers/DoorrecController.php(135): ProfessorService->allprofessor()
#6 /Applications/XAMPP/xamppfiles/htdocs/wenhsun_hr/framework/web/actions/CInlineAction.php(49): DoorrecController->actionreport()
#7 /Applications/XAMPP/xamppfiles/htdocs/wenhsun_hr/framework/web/CController.php(308): CInlineAction->runWithParams(Array)
#8 /Applications/XAMPP/xamppfiles/htdocs/wenhsun_hr/framework/web/CController.php(286): CController->runAction(Object(CInlineAction))
#9 /Applications/XAMPP/xamppfiles/htdocs/wenhsun_hr/framework/web/CController.php(265): CController->runActionWithFilters(Object(CInlineAction), Array)
#10 /Applications/XAMPP/xamppfiles/htdocs/wenhsun_hr/framework/web/CWebApplication.php(282): CController->run('report')
#11 /Applications/XAMPP/xamppfiles/htdocs/wenhsun_hr/framework/web/CWebApplication.php(141): CWebApplication->runController('doorrec/report')
#12 /Applications/XAMPP/xamppfiles/htdocs/wenhsun_hr/framework/base/CApplication.php(180): CWebApplication->processRequest()
#13 /Applications/XAMPP/xamppfiles/htdocs/wenhsun_hr/index.php(35): CApplication->run()
#14 {main}
REQUEST_URI=/wenhsun_hr/doorrec/report
HTTP_REFERER=http://einvoice.isgoodtime.com:8080/wenhsun_hr/record/abnormal_list
---
2019/04/03 02:44:26 [error] [system.db.CDbCommand] CDbCommand::fetchAll() failed: SQLSTATE[42S02]: Base table or view not found: 1146 Table 'wenhsun.professor' doesn't exist. The SQL statement executed was: SHOW FULL COLUMNS FROM `professor`.
in /Applications/XAMPP/xamppfiles/htdocs/wenhsun_hr/protected/service/ProfessorService.php (74)
in /Applications/XAMPP/xamppfiles/htdocs/wenhsun_hr/protected/controllers/DoorrecController.php (135)
in /Applications/XAMPP/xamppfiles/htdocs/wenhsun_hr/index.php (35)
2019/04/03 02:44:26 [error] [exception.CDbException] exception 'CDbException' with message 'The table "professor" for active record class "Professor" cannot be found in the database.' in /Applications/XAMPP/xamppfiles/htdocs/wenhsun_hr/framework/db/ar/CActiveRecord.php:2362
Stack trace:
#0 /Applications/XAMPP/xamppfiles/htdocs/wenhsun_hr/framework/db/ar/CActiveRecord.php(411): CActiveRecordMetaData->__construct(Object(Professor))
#1 /Applications/XAMPP/xamppfiles/htdocs/wenhsun_hr/framework/db/ar/CActiveRecord.php(658): CActiveRecord->getMetaData()
#2 /Applications/XAMPP/xamppfiles/htdocs/wenhsun_hr/framework/db/ar/CActiveRecord.php(1350): CActiveRecord->getTableSchema()
#3 /Applications/XAMPP/xamppfiles/htdocs/wenhsun_hr/framework/db/ar/CActiveRecord.php(1470): CActiveRecord->query(Object(CDbCriteria), true)
#4 /Applications/XAMPP/xamppfiles/htdocs/wenhsun_hr/protected/service/ProfessorService.php(74): CActiveRecord->findAll()
#5 /Applications/XAMPP/xamppfiles/htdocs/wenhsun_hr/protected/controllers/DoorrecController.php(135): ProfessorService->allprofessor()
#6 /Applications/XAMPP/xamppfiles/htdocs/wenhsun_hr/framework/web/actions/CInlineAction.php(49): DoorrecController->actionreport()
#7 /Applications/XAMPP/xamppfiles/htdocs/wenhsun_hr/framework/web/CController.php(308): CInlineAction->runWithParams(Array)
#8 /Applications/XAMPP/xamppfiles/htdocs/wenhsun_hr/framework/web/CController.php(286): CController->runAction(Object(CInlineAction))
#9 /Applications/XAMPP/xamppfiles/htdocs/wenhsun_hr/framework/web/CController.php(265): CController->runActionWithFilters(Object(CInlineAction), Array)
#10 /Applications/XAMPP/xamppfiles/htdocs/wenhsun_hr/framework/web/CWebApplication.php(282): CController->run('report')
#11 /Applications/XAMPP/xamppfiles/htdocs/wenhsun_hr/framework/web/CWebApplication.php(141): CWebApplication->runController('doorrec/report')
#12 /Applications/XAMPP/xamppfiles/htdocs/wenhsun_hr/framework/base/CApplication.php(180): CWebApplication->processRequest()
#13 /Applications/XAMPP/xamppfiles/htdocs/wenhsun_hr/index.php(35): CApplication->run()
#14 {main}
REQUEST_URI=/wenhsun_hr/doorrec/report
HTTP_REFERER=http://einvoice.isgoodtime.com:8080/wenhsun_hr/record/abnormal_list
---
2019/04/03 02:44:40 [error] [system.db.CDbCommand] CDbCommand::fetchAll() failed: SQLSTATE[42S02]: Base table or view not found: 1146 Table 'wenhsun.professor' doesn't exist. The SQL statement executed was: SHOW FULL COLUMNS FROM `professor`.
in /Applications/XAMPP/xamppfiles/htdocs/wenhsun_hr/protected/service/ProfessorService.php (74)
in /Applications/XAMPP/xamppfiles/htdocs/wenhsun_hr/protected/controllers/DoorrecController.php (135)
in /Applications/XAMPP/xamppfiles/htdocs/wenhsun_hr/index.php (35)
2019/04/03 02:44:40 [error] [exception.CDbException] exception 'CDbException' with message 'The table "professor" for active record class "Professor" cannot be found in the database.' in /Applications/XAMPP/xamppfiles/htdocs/wenhsun_hr/framework/db/ar/CActiveRecord.php:2362
Stack trace:
#0 /Applications/XAMPP/xamppfiles/htdocs/wenhsun_hr/framework/db/ar/CActiveRecord.php(411): CActiveRecordMetaData->__construct(Object(Professor))
#1 /Applications/XAMPP/xamppfiles/htdocs/wenhsun_hr/framework/db/ar/CActiveRecord.php(658): CActiveRecord->getMetaData()
#2 /Applications/XAMPP/xamppfiles/htdocs/wenhsun_hr/framework/db/ar/CActiveRecord.php(1350): CActiveRecord->getTableSchema()
#3 /Applications/XAMPP/xamppfiles/htdocs/wenhsun_hr/framework/db/ar/CActiveRecord.php(1470): CActiveRecord->query(Object(CDbCriteria), true)
#4 /Applications/XAMPP/xamppfiles/htdocs/wenhsun_hr/protected/service/ProfessorService.php(74): CActiveRecord->findAll()
#5 /Applications/XAMPP/xamppfiles/htdocs/wenhsun_hr/protected/controllers/DoorrecController.php(135): ProfessorService->allprofessor()
#6 /Applications/XAMPP/xamppfiles/htdocs/wenhsun_hr/framework/web/actions/CInlineAction.php(49): DoorrecController->actionreport()
#7 /Applications/XAMPP/xamppfiles/htdocs/wenhsun_hr/framework/web/CController.php(308): CInlineAction->runWithParams(Array)
#8 /Applications/XAMPP/xamppfiles/htdocs/wenhsun_hr/framework/web/CController.php(286): CController->runAction(Object(CInlineAction))
#9 /Applications/XAMPP/xamppfiles/htdocs/wenhsun_hr/framework/web/CController.php(265): CController->runActionWithFilters(Object(CInlineAction), Array)
#10 /Applications/XAMPP/xamppfiles/htdocs/wenhsun_hr/framework/web/CWebApplication.php(282): CController->run('report')
#11 /Applications/XAMPP/xamppfiles/htdocs/wenhsun_hr/framework/web/CWebApplication.php(141): CWebApplication->runController('doorrec/report')
#12 /Applications/XAMPP/xamppfiles/htdocs/wenhsun_hr/framework/base/CApplication.php(180): CWebApplication->processRequest()
#13 /Applications/XAMPP/xamppfiles/htdocs/wenhsun_hr/index.php(35): CApplication->run()
#14 {main}
REQUEST_URI=/wenhsun_hr/doorrec/report
HTTP_REFERER=http://einvoice.isgoodtime.com:8080/wenhsun_hr/record/abnormal_list
---
2019/04/03 02:45:21 [error] [system.db.CDbCommand] CDbCommand::fetchAll() failed: SQLSTATE[42S02]: Base table or view not found: 1146 Table 'wenhsun.professor' doesn't exist. The SQL statement executed was: SHOW FULL COLUMNS FROM `professor`.
in /Applications/XAMPP/xamppfiles/htdocs/wenhsun_hr/protected/service/ProfessorService.php (74)
in /Applications/XAMPP/xamppfiles/htdocs/wenhsun_hr/protected/controllers/DoorrecController.php (135)
in /Applications/XAMPP/xamppfiles/htdocs/wenhsun_hr/index.php (35)
2019/04/03 02:45:21 [error] [exception.CDbException] exception 'CDbException' with message 'The table "professor" for active record class "Professor" cannot be found in the database.' in /Applications/XAMPP/xamppfiles/htdocs/wenhsun_hr/framework/db/ar/CActiveRecord.php:2362
Stack trace:
#0 /Applications/XAMPP/xamppfiles/htdocs/wenhsun_hr/framework/db/ar/CActiveRecord.php(411): CActiveRecordMetaData->__construct(Object(Professor))
#1 /Applications/XAMPP/xamppfiles/htdocs/wenhsun_hr/framework/db/ar/CActiveRecord.php(658): CActiveRecord->getMetaData()
#2 /Applications/XAMPP/xamppfiles/htdocs/wenhsun_hr/framework/db/ar/CActiveRecord.php(1350): CActiveRecord->getTableSchema()
#3 /Applications/XAMPP/xamppfiles/htdocs/wenhsun_hr/framework/db/ar/CActiveRecord.php(1470): CActiveRecord->query(Object(CDbCriteria), true)
#4 /Applications/XAMPP/xamppfiles/htdocs/wenhsun_hr/protected/service/ProfessorService.php(74): CActiveRecord->findAll()
#5 /Applications/XAMPP/xamppfiles/htdocs/wenhsun_hr/protected/controllers/DoorrecController.php(135): ProfessorService->allprofessor()
#6 /Applications/XAMPP/xamppfiles/htdocs/wenhsun_hr/framework/web/actions/CInlineAction.php(49): DoorrecController->actionreport()
#7 /Applications/XAMPP/xamppfiles/htdocs/wenhsun_hr/framework/web/CController.php(308): CInlineAction->runWithParams(Array)
#8 /Applications/XAMPP/xamppfiles/htdocs/wenhsun_hr/framework/web/CController.php(286): CController->runAction(Object(CInlineAction))
#9 /Applications/XAMPP/xamppfiles/htdocs/wenhsun_hr/framework/web/CController.php(265): CController->runActionWithFilters(Object(CInlineAction), Array)
#10 /Applications/XAMPP/xamppfiles/htdocs/wenhsun_hr/framework/web/CWebApplication.php(282): CController->run('report')
#11 /Applications/XAMPP/xamppfiles/htdocs/wenhsun_hr/framework/web/CWebApplication.php(141): CWebApplication->runController('doorrec/report')
#12 /Applications/XAMPP/xamppfiles/htdocs/wenhsun_hr/framework/base/CApplication.php(180): CWebApplication->processRequest()
#13 /Applications/XAMPP/xamppfiles/htdocs/wenhsun_hr/index.php(35): CApplication->run()
#14 {main}
REQUEST_URI=/wenhsun_hr/doorrec/report
HTTP_REFERER=http://einvoice.isgoodtime.com:8080/wenhsun_hr/record/abnormal_list
---
2019/04/03 02:45:28 [error] [system.db.CDbCommand] CDbCommand::fetchAll() failed: SQLSTATE[42S02]: Base table or view not found: 1146 Table 'wenhsun.professor' doesn't exist. The SQL statement executed was: SHOW FULL COLUMNS FROM `professor`.
in /Applications/XAMPP/xamppfiles/htdocs/wenhsun_hr/protected/service/ProfessorService.php (74)
in /Applications/XAMPP/xamppfiles/htdocs/wenhsun_hr/protected/controllers/DoorrecController.php (135)
in /Applications/XAMPP/xamppfiles/htdocs/wenhsun_hr/index.php (35)
2019/04/03 02:45:28 [error] [exception.CDbException] exception 'CDbException' with message 'The table "professor" for active record class "Professor" cannot be found in the database.' in /Applications/XAMPP/xamppfiles/htdocs/wenhsun_hr/framework/db/ar/CActiveRecord.php:2362
Stack trace:
#0 /Applications/XAMPP/xamppfiles/htdocs/wenhsun_hr/framework/db/ar/CActiveRecord.php(411): CActiveRecordMetaData->__construct(Object(Professor))
#1 /Applications/XAMPP/xamppfiles/htdocs/wenhsun_hr/framework/db/ar/CActiveRecord.php(658): CActiveRecord->getMetaData()
#2 /Applications/XAMPP/xamppfiles/htdocs/wenhsun_hr/framework/db/ar/CActiveRecord.php(1350): CActiveRecord->getTableSchema()
#3 /Applications/XAMPP/xamppfiles/htdocs/wenhsun_hr/framework/db/ar/CActiveRecord.php(1470): CActiveRecord->query(Object(CDbCriteria), true)
#4 /Applications/XAMPP/xamppfiles/htdocs/wenhsun_hr/protected/service/ProfessorService.php(74): CActiveRecord->findAll()
#5 /Applications/XAMPP/xamppfiles/htdocs/wenhsun_hr/protected/controllers/DoorrecController.php(135): ProfessorService->allprofessor()
#6 /Applications/XAMPP/xamppfiles/htdocs/wenhsun_hr/framework/web/actions/CInlineAction.php(49): DoorrecController->actionreport()
#7 /Applications/XAMPP/xamppfiles/htdocs/wenhsun_hr/framework/web/CController.php(308): CInlineAction->runWithParams(Array)
#8 /Applications/XAMPP/xamppfiles/htdocs/wenhsun_hr/framework/web/CController.php(286): CController->runAction(Object(CInlineAction))
#9 /Applications/XAMPP/xamppfiles/htdocs/wenhsun_hr/framework/web/CController.php(265): CController->runActionWithFilters(Object(CInlineAction), Array)
#10 /Applications/XAMPP/xamppfiles/htdocs/wenhsun_hr/framework/web/CWebApplication.php(282): CController->run('report')
#11 /Applications/XAMPP/xamppfiles/htdocs/wenhsun_hr/framework/web/CWebApplication.php(141): CWebApplication->runController('doorrec/report')
#12 /Applications/XAMPP/xamppfiles/htdocs/wenhsun_hr/framework/base/CApplication.php(180): CWebApplication->processRequest()
#13 /Applications/XAMPP/xamppfiles/htdocs/wenhsun_hr/index.php(35): CApplication->run()
#14 {main}
REQUEST_URI=/wenhsun_hr/doorrec/report
HTTP_REFERER=http://einvoice.isgoodtime.com:8080/wenhsun_hr/record/abnormal_list
---
2019/04/03 02:45:34 [error] [system.db.CDbCommand] CDbCommand::fetchAll() failed: SQLSTATE[42S02]: Base table or view not found: 1146 Table 'wenhsun.professor' doesn't exist. The SQL statement executed was: SHOW FULL COLUMNS FROM `professor`.
in /Applications/XAMPP/xamppfiles/htdocs/wenhsun_hr/protected/service/ProfessorService.php (74)
in /Applications/XAMPP/xamppfiles/htdocs/wenhsun_hr/protected/controllers/DoorrecController.php (135)
in /Applications/XAMPP/xamppfiles/htdocs/wenhsun_hr/index.php (35)
2019/04/03 02:45:34 [error] [exception.CDbException] exception 'CDbException' with message 'The table "professor" for active record class "Professor" cannot be found in the database.' in /Applications/XAMPP/xamppfiles/htdocs/wenhsun_hr/framework/db/ar/CActiveRecord.php:2362
Stack trace:
#0 /Applications/XAMPP/xamppfiles/htdocs/wenhsun_hr/framework/db/ar/CActiveRecord.php(411): CActiveRecordMetaData->__construct(Object(Professor))
#1 /Applications/XAMPP/xamppfiles/htdocs/wenhsun_hr/framework/db/ar/CActiveRecord.php(658): CActiveRecord->getMetaData()
#2 /Applications/XAMPP/xamppfiles/htdocs/wenhsun_hr/framework/db/ar/CActiveRecord.php(1350): CActiveRecord->getTableSchema()
#3 /Applications/XAMPP/xamppfiles/htdocs/wenhsun_hr/framework/db/ar/CActiveRecord.php(1470): CActiveRecord->query(Object(CDbCriteria), true)
#4 /Applications/XAMPP/xamppfiles/htdocs/wenhsun_hr/protected/service/ProfessorService.php(74): CActiveRecord->findAll()
#5 /Applications/XAMPP/xamppfiles/htdocs/wenhsun_hr/protected/controllers/DoorrecController.php(135): ProfessorService->allprofessor()
#6 /Applications/XAMPP/xamppfiles/htdocs/wenhsun_hr/framework/web/actions/CInlineAction.php(49): DoorrecController->actionreport()
#7 /Applications/XAMPP/xamppfiles/htdocs/wenhsun_hr/framework/web/CController.php(308): CInlineAction->runWithParams(Array)
#8 /Applications/XAMPP/xamppfiles/htdocs/wenhsun_hr/framework/web/CController.php(286): CController->runAction(Object(CInlineAction))
#9 /Applications/XAMPP/xamppfiles/htdocs/wenhsun_hr/framework/web/CController.php(265): CController->runActionWithFilters(Object(CInlineAction), Array)
#10 /Applications/XAMPP/xamppfiles/htdocs/wenhsun_hr/framework/web/CWebApplication.php(282): CController->run('report')
#11 /Applications/XAMPP/xamppfiles/htdocs/wenhsun_hr/framework/web/CWebApplication.php(141): CWebApplication->runController('doorrec/report')
#12 /Applications/XAMPP/xamppfiles/htdocs/wenhsun_hr/framework/base/CApplication.php(180): CWebApplication->processRequest()
#13 /Applications/XAMPP/xamppfiles/htdocs/wenhsun_hr/index.php(35): CApplication->run()
#14 {main}
REQUEST_URI=/wenhsun_hr/doorrec/report
HTTP_REFERER=http://einvoice.isgoodtime.com:8080/wenhsun_hr/record/abnormal_list
---
2019/04/03 02:47:04 [error] [exception.CException] exception 'CException' with message 'DoorrecController cannot find the requested view "usereport".' in /Applications/XAMPP/xamppfiles/htdocs/wenhsun_hr/framework/web/CController.php:878
Stack trace:
#0 /Applications/XAMPP/xamppfiles/htdocs/wenhsun_hr/framework/web/CController.php(782): CController->renderPartial('usereport', Array, true)
#1 /Applications/XAMPP/xamppfiles/htdocs/wenhsun_hr/protected/controllers/DoorrecController.php(152): CController->render('usereport', Array)
#2 /Applications/XAMPP/xamppfiles/htdocs/wenhsun_hr/framework/web/actions/CInlineAction.php(49): DoorrecController->actionreport()
#3 /Applications/XAMPP/xamppfiles/htdocs/wenhsun_hr/framework/web/CController.php(308): CInlineAction->runWithParams(Array)
#4 /Applications/XAMPP/xamppfiles/htdocs/wenhsun_hr/framework/web/CController.php(286): CController->runAction(Object(CInlineAction))
#5 /Applications/XAMPP/xamppfiles/htdocs/wenhsun_hr/framework/web/CController.php(265): CController->runActionWithFilters(Object(CInlineAction), Array)
#6 /Applications/XAMPP/xamppfiles/htdocs/wenhsun_hr/framework/web/CWebApplication.php(282): CController->run('report')
#7 /Applications/XAMPP/xamppfiles/htdocs/wenhsun_hr/framework/web/CWebApplication.php(141): CWebApplication->runController('doorrec/report')
#8 /Applications/XAMPP/xamppfiles/htdocs/wenhsun_hr/framework/base/CApplication.php(180): CWebApplication->processRequest()
#9 /Applications/XAMPP/xamppfiles/htdocs/wenhsun_hr/index.php(35): CApplication->run()
#10 {main}
REQUEST_URI=/wenhsun_hr/doorrec/report
HTTP_REFERER=http://einvoice.isgoodtime.com:8080/wenhsun_hr/record/abnormal_list
---
2019/04/03 02:53:18 [error] [exception.CHttpException.404] exception 'CHttpException' with message 'Unable to resolve the request "calculationfee/index".' in /Applications/XAMPP/xamppfiles/htdocs/wenhsun_hr/framework/web/CWebApplication.php:286
Stack trace:
#0 /Applications/XAMPP/xamppfiles/htdocs/wenhsun_hr/framework/web/CWebApplication.php(141): CWebApplication->runController('calculationfee/...')
#1 /Applications/XAMPP/xamppfiles/htdocs/wenhsun_hr/framework/base/CApplication.php(180): CWebApplication->processRequest()
#2 /Applications/XAMPP/xamppfiles/htdocs/wenhsun_hr/index.php(35): CApplication->run()
#3 {main}
REQUEST_URI=/wenhsun_hr/calculationfee/index
HTTP_REFERER=http://einvoice.isgoodtime.com:8080/wenhsun_hr/specialcase/index
---
